# JRE version: Java(TM) SE Runtime Environment (8.0_05-b13) (build 1.8.0_05-b13)
# Java VM: Java HotSpot(TM) 64-Bit Server VM (25.5-b02 mixed mode windows-amd64 compressed oops)
Heap:
 PSYoungGen      total 3072K, used 2028K [0x00000000eab00000, 0x00000000eb080000, 0x0000000100000000)
  eden space 2048K, 50% used [0x00000000eab00000,0x00000000eac03390,0x00000000ead00000)
  from space 1024K, 96% used [0x00000000eaf80000,0x00000000eb078018,0x00000000eb080000)
  to   space 1024K, 0% used [0x00000000ead00000,0x00000000ead00000,0x00000000eae00000)
 ParOldGen       total 64000K, used 1244K [0x00000000c0000000, 0x00000000c3e80000, 0x00000000eab00000)
  object space 64000K, 1% used [0x00000000c0000000,0x00000000c0137060,0x00000000c3e80000)
 Metaspace       used 5041K, capacity 6448K, committed 6528K, reserved 1056768K
  class space    used 544K, capacity 616K, committed 640K, reserved 1048576K
GC Heap History (10 events):
Event: 1.018 GC heap before
{Heap before GC invocations=6 (full 0):
 PSYoungGen      total 1024K, used 1024K [0x00000000eab00000, 0x00000000eae00000, 0x0000000100000000)
  eden space 512K, 100% used [0x00000000eab00000,0x00000000eab80000,0x00000000eab80000)
  from space 512K, 100% used [0x00000000eab80000,0x00000000eac00000,0x00000000eac00000)
  to   space 1024K, 0% used [0x00000000ead00000,0x00000000ead00000,0x00000000eae00000)
 ParOldGen       total 64000K, used 562K [0x00000000c0000000, 0x00000000c3e80000, 0x00000000eab00000)
  object space 64000K, 0% used [0x00000000c0000000,0x00000000c008cb98,0x00000000c3e80000)
 Metaspace       used 3583K, capacity 5168K, committed 5376K, reserved 1056768K
  class space    used 407K, capacity 488K, committed 512K, reserved 1048576K
Event: 1.019 GC heap after
Heap after GC invocations=6 (full 0):
 PSYoungGen      total 2048K, used 736K [0x00000000eab00000, 0x00000000eae00000, 0x0000000100000000)
  eden space 1024K, 0% used [0x00000000eab00000,0x00000000eab00000,0x00000000eac00000)
  from space 1024K, 71% used [0x00000000ead00000,0x00000000eadb8000,0x00000000eae00000)
  to   space 1024K, 0% used [0x00000000eac00000,0x00000000eac00000,0x00000000ead00000)
 ParOldGen       total 64000K, used 570K [0x00000000c0000000, 0x00000000c3e80000, 0x00000000eab00000)
  object space 64000K, 0% used [0x00000000c0000000,0x00000000c008eb98,0x00000000c3e80000)
 Metaspace       used 3583K, capacity 5168K, committed 5376K, reserved 1056768K
  class space    used 407K, capacity 488K, committed 512K, reserved 1048576K
}
Event: 1.056 GC heap before
{Heap before GC invocations=7 (full 0):
 PSYoungGen      total 2048K, used 1760K [0x00000000eab00000, 0x00000000eae00000, 0x0000000100000000)
  eden space 1024K, 100% used [0x00000000eab00000,0x00000000eac00000,0x00000000eac00000)
  from space 1024K, 71% used [0x00000000ead00000,0x00000000eadb8000,0x00000000eae00000)
  to   space 1024K, 0% used [0x00000000eac00000,0x00000000eac00000,0x00000000ead00000)
 ParOldGen       total 64000K, used 570K [0x00000000c0000000, 0x00000000c3e80000, 0x00000000eab00000)
  object space 64000K, 0% used [0x00000000c0000000,0x00000000c008eb98,0x00000000c3e80000)
 Metaspace       used 3869K, capacity 5456K, committed 5760K, reserved 1056768K
  class space    used 439K, capacity 520K, committed 640K, reserved 1048576K
Event: 1.057 GC heap after
Heap after GC invocations=7 (full 0):
 PSYoungGen      total 2048K, used 507K [0x00000000eab00000, 0x00000000eaf00000, 0x0000000100000000)
  eden space 1024K, 0% used [0x00000000eab00000,0x00000000eab00000,0x00000000eac00000)
  from space 1024K, 49% used [0x00000000eac00000,0x00000000eac7ed98,0x00000000ead00000)
  to   space 1024K, 0% used [0x00000000eae00000,0x00000000eae00000,0x00000000eaf00000)
 ParOldGen       total 64000K, used 954K [0x00000000c0000000, 0x00000000c3e80000, 0x00000000eab00000)
  object space 64000K, 1% used [0x00000000c0000000,0x00000000c00eebe8,0x00000000c3e80000)
 Metaspace       used 3869K, capacity 5456K, committed 5760K, reserved 1056768K
  class space    used 439K, capacity 520K, committed 640K, reserved 1048576K
}
Event: 1.097 GC heap before
{Heap before GC invocations=8 (full 0):
 PSYoungGen      total 2048K, used 1531K [0x00000000eab00000, 0x00000000eaf00000, 0x0000000100000000)
  eden space 1024K, 99% used [0x00000000eab00000,0x00000000eabffff0,0x00000000eac00000)
  from space 1024K, 49% used [0x00000000eac00000,0x00000000eac7ed98,0x00000000ead00000)
  to   space 1024K, 0% used [0x00000000eae00000,0x00000000eae00000,0x00000000eaf00000)
 ParOldGen       total 64000K, used 954K [0x00000000c0000000, 0x00000000c3e80000, 0x00000000eab00000)
  object space 64000K, 1% used [0x00000000c0000000,0x00000000c00eebe8,0x00000000c3e80000)
 Metaspace       used 4229K, capacity 5744K, committed 6016K, reserved 1056768K
  class space    used 473K, capacity 552K, committed 640K, reserved 1048576K
Event: 1.098 GC heap after
Heap after GC invocations=8 (full 0):
 PSYoungGen      total 3072K, used 477K [0x00000000eab00000, 0x00000000eaf00000, 0x0000000100000000)
  eden space 2048K, 0% used [0x00000000eab00000,0x00000000eab00000,0x00000000ead00000)
  from space 1024K, 46% used [0x00000000eae00000,0x00000000eae77618,0x00000000eaf00000)
  to   space 1024K, 0% used [0x00000000ead00000,0x00000000ead00000,0x00000000eae00000)
 ParOldGen       total 64000K, used 1026K [0x00000000c0000000, 0x00000000c3e80000, 0x00000000eab00000)
  object space 64000K, 1% used [0x00000000c0000000,0x00000000c0100be8,0x00000000c3e80000)
 Metaspace       used 4229K, capacity 5744K, committed 6016K, reserved 1056768K
  class space    used 473K, capacity 552K, committed 640K, reserved 1048576K
}
Event: 1.178 GC heap before
{Heap before GC invocations=9 (full 0):
 PSYoungGen      total 3072K, used 2524K [0x00000000eab00000, 0x00000000eaf00000, 0x0000000100000000)
  eden space 2048K, 99% used [0x00000000eab00000,0x00000000eacffa50,0x00000000ead00000)
  from space 1024K, 46% used [0x00000000eae00000,0x00000000eae77618,0x00000000eaf00000)
  to   space 1024K, 0% used [0x00000000ead00000,0x00000000ead00000,0x00000000eae00000)
 ParOldGen       total 64000K, used 1026K [0x00000000c0000000, 0x00000000c3e80000, 0x00000000eab00000)
  object space 64000K, 1% used [0x00000000c0000000,0x00000000c0100be8,0x00000000c3e80000)
 Metaspace       used 4788K, capacity 6256K, committed 6528K, reserved 1056768K
  class space    used 535K, capacity 616K, committed 640K, reserved 1048576K
Event: 1.180 GC heap after
Heap after GC invocations=9 (full 0):
 PSYoungGen      total 3072K, used 932K [0x00000000eab00000, 0x00000000eb080000, 0x0000000100000000)
  eden space 2048K, 0% used [0x00000000eab00000,0x00000000eab00000,0x00000000ead00000)
  from space 1024K, 91% used [0x00000000ead00000,0x00000000eade9038,0x00000000eae00000)
  to   space 1024K, 0% used [0x00000000eaf80000,0x00000000eaf80000,0x00000000eb080000)
 ParOldGen       total 64000K, used 1082K [0x00000000c0000000, 0x00000000c3e80000, 0x00000000eab00000)
  object space 64000K, 1% used [0x00000000c0000000,0x00000000c010ebe8,0x00000000c3e80000)
 Metaspace       used 4788K, capacity 6256K, committed 6528K, reserved 1056768K
  class space    used 535K, capacity 616K, committed 640K, reserved 1048576K
}
Event: 2.149 GC heap before
{Heap before GC invocations=10 (full 0):
 PSYoungGen      total 3072K, used 2980K [0x00000000eab00000, 0x00000000eb080000, 0x0000000100000000)
  eden space 2048K, 100% used [0x00000000eab00000,0x00000000ead00000,0x00000000ead00000)
  from space 1024K, 91% used [0x00000000ead00000,0x00000000eade9038,0x00000000eae00000)
  to   space 1024K, 0% used [0x00000000eaf80000,0x00000000eaf80000,0x00000000eb080000)
 ParOldGen       total 64000K, used 1082K [0x00000000c0000000, 0x00000000c3e80000, 0x00000000eab00000)
  object space 64000K, 1% used [0x00000000c0000000,0x00000000c010ebe8,0x00000000c3e80000)
 Metaspace       used 5007K, capacity 6448K, committed 6528K, reserved 1056768K
  class space    used 543K, capacity 616K, committed 640K, reserved 1048576K
Event: 2.151 GC heap after
Heap after GC invocations=10 (full 0):
 PSYoungGen      total 3072K, used 992K [0x00000000eab00000, 0x00000000eb080000, 0x0000000100000000)
  eden space 2048K, 0% used [0x00000000eab00000,0x00000000eab00000,0x00000000ead00000)
  from space 1024K, 96% used [0x00000000eaf80000,0x00000000eb078018,0x00000000eb080000)
  to   space 1024K, 0% used [0x00000000ead00000,0x00000000ead00000,0x00000000eae00000)
 ParOldGen       total 64000K, used 1244K [0x00000000c0000000, 0x00000000c3e80000, 0x00000000eab00000)
  object space 64000K, 1% used [0x00000000c0000000,0x00000000c0137060,0x00000000c3e80000)
 Metaspace       used 5007K, capacity 6448K, committed 6528K, reserved 1056768K
  class space    used 543K, capacity 616K, committed 640K, reserved 1048576K
}

