# JRE version: Java(TM) SE Runtime Environment (8.0_05-b13) (build 1.8.0_05-b13)
# Java VM: Java HotSpot(TM) 64-Bit Server VM (25.5-b02 mixed mode windows-amd64 compressed oops)
Heap:
 PSYoungGen      total 18944K, used 17124K [0x00000000eab00000, 0x00000000ec200000, 0x0000000100000000)
  eden space 15872K, 89% used [0x00000000eab00000,0x00000000eb8d5810,0x00000000eba80000)
  from space 3072K, 96% used [0x00000000ebe00000,0x00000000ec0e39c0,0x00000000ec100000)
  to   space 3584K, 0% used [0x00000000eba80000,0x00000000eba80000,0x00000000ebe00000)
 ParOldGen       total 64000K, used 14786K [0x00000000c0000000, 0x00000000c3e80000, 0x00000000eab00000)
  object space 64000K, 23% used [0x00000000c0000000,0x00000000c0e70b38,0x00000000c3e80000)
 Metaspace       used 6501K, capacity 7320K, committed 7424K, reserved 1056768K
  class space    used 696K, capacity 720K, committed 768K, reserved 1048576K
GC Heap History (10 events):
Event: 1.339 GC heap before
{Heap before GC invocations=10 (full 0):
 PSYoungGen      total 5120K, used 4509K [0x00000000eab00000, 0x00000000eb500000, 0x0000000100000000)
  eden space 3584K, 83% used [0x00000000eab00000,0x00000000eadebb78,0x00000000eae80000)
  from space 1536K, 98% used [0x00000000eae80000,0x00000000eaffb8a8,0x00000000eb000000)
  to   space 2048K, 0% used [0x00000000eb300000,0x00000000eb300000,0x00000000eb500000)
 ParOldGen       total 64000K, used 1704K [0x00000000c0000000, 0x00000000c3e80000, 0x00000000eab00000)
  object space 64000K, 2% used [0x00000000c0000000,0x00000000c01aa080,0x00000000c3e80000)
 Metaspace       used 5110K, capacity 6512K, committed 6784K, reserved 1056768K
  class space    used 544K, capacity 616K, committed 640K, reserved 1048576K
Event: 1.342 GC heap after
Heap after GC invocations=10 (full 0):
 PSYoungGen      total 8192K, used 1706K [0x00000000eab00000, 0x00000000eb500000, 0x0000000100000000)
  eden space 6144K, 0% used [0x00000000eab00000,0x00000000eab00000,0x00000000eb100000)
  from space 2048K, 83% used [0x00000000eb300000,0x00000000eb4aab18,0x00000000eb500000)
  to   space 2048K, 0% used [0x00000000eb100000,0x00000000eb100000,0x00000000eb300000)
 ParOldGen       total 64000K, used 2518K [0x00000000c0000000, 0x00000000c3e80000, 0x00000000eab00000)
  object space 64000K, 3% used [0x00000000c0000000,0x00000000c0275978,0x00000000c3e80000)
 Metaspace       used 5110K, capacity 6512K, committed 6784K, reserved 1056768K
  class space    used 544K, capacity 616K, committed 640K, reserved 1048576K
}
Event: 2.868 GC heap before
{Heap before GC invocations=11 (full 0):
 PSYoungGen      total 8192K, used 7780K [0x00000000eab00000, 0x00000000eb500000, 0x0000000100000000)
  eden space 6144K, 98% used [0x00000000eab00000,0x00000000eb0ee6b0,0x00000000eb100000)
  from space 2048K, 83% used [0x00000000eb300000,0x00000000eb4aab18,0x00000000eb500000)
  to   space 2048K, 0% used [0x00000000eb100000,0x00000000eb100000,0x00000000eb300000)
 ParOldGen       total 64000K, used 2518K [0x00000000c0000000, 0x00000000c3e80000, 0x00000000eab00000)
  object space 64000K, 3% used [0x00000000c0000000,0x00000000c0275978,0x00000000c3e80000)
 Metaspace       used 6130K, capacity 7216K, committed 7424K, reserved 1056768K
  class space    used 666K, capacity 680K, committed 768K, reserved 1048576K
Event: 2.872 GC heap after
Heap after GC invocations=11 (full 0):
 PSYoungGen      total 8192K, used 1934K [0x00000000eab00000, 0x00000000eba00000, 0x0000000100000000)
  eden space 6144K, 0% used [0x00000000eab00000,0x00000000eab00000,0x00000000eb100000)
  from space 2048K, 94% used [0x00000000eb100000,0x00000000eb2e3918,0x00000000eb300000)
  to   space 2560K, 0% used [0x00000000eb780000,0x00000000eb780000,0x00000000eba00000)
 ParOldGen       total 64000K, used 3654K [0x00000000c0000000, 0x00000000c3e80000, 0x00000000eab00000)
  object space 64000K, 5% used [0x00000000c0000000,0x00000000c0391b88,0x00000000c3e80000)
 Metaspace       used 6130K, capacity 7216K, committed 7424K, reserved 1056768K
  class space    used 666K, capacity 680K, committed 768K, reserved 1048576K
}
Event: 3.059 GC heap before
{Heap before GC invocations=12 (full 0):
 PSYoungGen      total 8192K, used 8078K [0x00000000eab00000, 0x00000000eba00000, 0x0000000100000000)
  eden space 6144K, 100% used [0x00000000eab00000,0x00000000eb100000,0x00000000eb100000)
  from space 2048K, 94% used [0x00000000eb100000,0x00000000eb2e3918,0x00000000eb300000)
  to   space 2560K, 0% used [0x00000000eb780000,0x00000000eb780000,0x00000000eba00000)
 ParOldGen       total 64000K, used 3654K [0x00000000c0000000, 0x00000000c3e80000, 0x00000000eab00000)
  object space 64000K, 5% used [0x00000000c0000000,0x00000000c0391b88,0x00000000c3e80000)
 Metaspace       used 6411K, capacity 7320K, committed 7424K, reserved 1056768K
  class space    used 692K, capacity 720K, committed 768K, reserved 1048576K
Event: 3.065 GC heap after
Heap after GC invocations=12 (full 0):
 PSYoungGen      total 12800K, used 2524K [0x00000000eab00000, 0x00000000eba00000, 0x0000000100000000)
  eden space 10240K, 0% used [0x00000000eab00000,0x00000000eab00000,0x00000000eb500000)
  from space 2560K, 98% used [0x00000000eb780000,0x00000000eb9f7178,0x00000000eba00000)
  to   space 2560K, 0% used [0x00000000eb500000,0x00000000eb500000,0x00000000eb780000)
 ParOldGen       total 64000K, used 7089K [0x00000000c0000000, 0x00000000c3e80000, 0x00000000eab00000)
  object space 64000K, 11% used [0x00000000c0000000,0x00000000c06ec6e0,0x00000000c3e80000)
 Metaspace       used 6411K, capacity 7320K, committed 7424K, reserved 1056768K
  class space    used 692K, capacity 720K, committed 768K, reserved 1048576K
}
Event: 3.257 GC heap before
{Heap before GC invocations=13 (full 0):
 PSYoungGen      total 12800K, used 12225K [0x00000000eab00000, 0x00000000eba00000, 0x0000000100000000)
  eden space 10240K, 94% used [0x00000000eab00000,0x00000000eb479358,0x00000000eb500000)
  from space 2560K, 98% used [0x00000000eb780000,0x00000000eb9f7178,0x00000000eba00000)
  to   space 2560K, 0% used [0x00000000eb500000,0x00000000eb500000,0x00000000eb780000)
 ParOldGen       total 64000K, used 7089K [0x00000000c0000000, 0x00000000c3e80000, 0x00000000eab00000)
  object space 64000K, 11% used [0x00000000c0000000,0x00000000c06ec6e0,0x00000000c3e80000)
 Metaspace       used 6442K, capacity 7320K, committed 7424K, reserved 1056768K
  class space    used 692K, capacity 720K, committed 768K, reserved 1048576K
Event: 3.260 GC heap after
Heap after GC invocations=13 (full 0):
 PSYoungGen      total 12800K, used 2100K [0x00000000eab00000, 0x00000000ec100000, 0x0000000100000000)
  eden space 10240K, 0% used [0x00000000eab00000,0x00000000eab00000,0x00000000eb500000)
  from space 2560K, 82% used [0x00000000eb500000,0x00000000eb70d1b0,0x00000000eb780000)
  to   space 3072K, 0% used [0x00000000ebe00000,0x00000000ebe00000,0x00000000ec100000)
 ParOldGen       total 64000K, used 7105K [0x00000000c0000000, 0x00000000c3e80000, 0x00000000eab00000)
  object space 64000K, 11% used [0x00000000c0000000,0x00000000c06f06e0,0x00000000c3e80000)
 Metaspace       used 6442K, capacity 7320K, committed 7424K, reserved 1056768K
  class space    used 692K, capacity 720K, committed 768K, reserved 1048576K
}
Event: 3.383 GC heap before
{Heap before GC invocations=14 (full 0):
 PSYoungGen      total 12800K, used 12340K [0x00000000eab00000, 0x00000000ec100000, 0x0000000100000000)
  eden space 10240K, 100% used [0x00000000eab00000,0x00000000eb500000,0x00000000eb500000)
  from space 2560K, 82% used [0x00000000eb500000,0x00000000eb70d1b0,0x00000000eb780000)
  to   space 3072K, 0% used [0x00000000ebe00000,0x00000000ebe00000,0x00000000ec100000)
 ParOldGen       total 64000K, used 7105K [0x00000000c0000000, 0x00000000c3e80000, 0x00000000eab00000)
  object space 64000K, 11% used [0x00000000c0000000,0x00000000c06f06e0,0x00000000c3e80000)
 Metaspace       used 6459K, capacity 7320K, committed 7424K, reserved 1056768K
  class space    used 692K, capacity 720K, committed 768K, reserved 1048576K
Event: 3.401 GC heap after
Heap after GC invocations=14 (full 0):
 PSYoungGen      total 18944K, used 2958K [0x00000000eab00000, 0x00000000ec200000, 0x0000000100000000)
  eden space 15872K, 0% used [0x00000000eab00000,0x00000000eab00000,0x00000000eba80000)
  from space 3072K, 96% used [0x00000000ebe00000,0x00000000ec0e39c0,0x00000000ec100000)
  to   space 3584K, 0% used [0x00000000eba80000,0x00000000eba80000,0x00000000ebe00000)
 ParOldGen       total 64000K, used 14786K [0x00000000c0000000, 0x00000000c3e80000, 0x00000000eab00000)
  object space 64000K, 23% used [0x00000000c0000000,0x00000000c0e70b38,0x00000000c3e80000)
 Metaspace       used 6459K, capacity 7320K, committed 7424K, reserved 1056768K
  class space    used 692K, capacity 720K, committed 768K, reserved 1048576K
}

