# JRE version: Java(TM) SE Runtime Environment (8.0_05-b13) (build 1.8.0_05-b13)
# Java VM: Java HotSpot(TM) 64-Bit Server VM (25.5-b02 mixed mode windows-amd64 compressed oops)
Heap:
 PSYoungGen      total 17408K, used 16592K [0x00000000eab00000, 0x00000000ec300000, 0x0000000100000000)
  eden space 14848K, 94% used [0x00000000eab00000,0x00000000eb8b8618,0x00000000eb980000)
  from space 2560K, 99% used [0x00000000ebd80000,0x00000000ebffbcf0,0x00000000ec000000)
  to   space 4096K, 0% used [0x00000000eb980000,0x00000000eb980000,0x00000000ebd80000)
 ParOldGen       total 64000K, used 11211K [0x00000000c0000000, 0x00000000c3e80000, 0x00000000eab00000)
  object space 64000K, 17% used [0x00000000c0000000,0x00000000c0af2fe8,0x00000000c3e80000)
 Metaspace       used 6506K, capacity 7384K, committed 7680K, reserved 1056768K
  class space    used 695K, capacity 720K, committed 768K, reserved 1048576K
GC Heap History (10 events):
Event: 1.598 GC heap before
{Heap before GC invocations=10 (full 0):
 PSYoungGen      total 5120K, used 4510K [0x00000000eab00000, 0x00000000eb500000, 0x0000000100000000)
  eden space 3584K, 83% used [0x00000000eab00000,0x00000000eadec320,0x00000000eae80000)
  from space 1536K, 98% used [0x00000000eae80000,0x00000000eaffb8a8,0x00000000eb000000)
  to   space 2048K, 0% used [0x00000000eb300000,0x00000000eb300000,0x00000000eb500000)
 ParOldGen       total 64000K, used 1739K [0x00000000c0000000, 0x00000000c3e80000, 0x00000000eab00000)
  object space 64000K, 2% used [0x00000000c0000000,0x00000000c01b2ed8,0x00000000c3e80000)
 Metaspace       used 5122K, capacity 6576K, committed 6784K, reserved 1056768K
  class space    used 545K, capacity 616K, committed 640K, reserved 1048576K
Event: 1.602 GC heap after
Heap after GC invocations=10 (full 0):
 PSYoungGen      total 8192K, used 1642K [0x00000000eab00000, 0x00000000eb500000, 0x0000000100000000)
  eden space 6144K, 0% used [0x00000000eab00000,0x00000000eab00000,0x00000000eb100000)
  from space 2048K, 80% used [0x00000000eb300000,0x00000000eb49ab18,0x00000000eb500000)
  to   space 2048K, 0% used [0x00000000eb100000,0x00000000eb100000,0x00000000eb300000)
 ParOldGen       total 64000K, used 2565K [0x00000000c0000000, 0x00000000c3e80000, 0x00000000eab00000)
  object space 64000K, 4% used [0x00000000c0000000,0x00000000c02817c0,0x00000000c3e80000)
 Metaspace       used 5122K, capacity 6576K, committed 6784K, reserved 1056768K
  class space    used 545K, capacity 616K, committed 640K, reserved 1048576K
}
Event: 2.038 GC heap before
{Heap before GC invocations=11 (full 0):
 PSYoungGen      total 8192K, used 7725K [0x00000000eab00000, 0x00000000eb500000, 0x0000000100000000)
  eden space 6144K, 99% used [0x00000000eab00000,0x00000000eb0f0bb0,0x00000000eb100000)
  from space 2048K, 80% used [0x00000000eb300000,0x00000000eb49ab18,0x00000000eb500000)
  to   space 2048K, 0% used [0x00000000eb100000,0x00000000eb100000,0x00000000eb300000)
 ParOldGen       total 64000K, used 2565K [0x00000000c0000000, 0x00000000c3e80000, 0x00000000eab00000)
  object space 64000K, 4% used [0x00000000c0000000,0x00000000c02817c0,0x00000000c3e80000)
 Metaspace       used 6149K, capacity 7216K, committed 7424K, reserved 1056768K
  class space    used 667K, capacity 680K, committed 768K, reserved 1048576K
Event: 2.045 GC heap after
Heap after GC invocations=11 (full 0):
 PSYoungGen      total 8192K, used 1882K [0x00000000eab00000, 0x00000000eba00000, 0x0000000100000000)
  eden space 6144K, 0% used [0x00000000eab00000,0x00000000eab00000,0x00000000eb100000)
  from space 2048K, 91% used [0x00000000eb100000,0x00000000eb2d6bb8,0x00000000eb300000)
  to   space 2560K, 0% used [0x00000000eb780000,0x00000000eb780000,0x00000000eba00000)
 ParOldGen       total 64000K, used 3662K [0x00000000c0000000, 0x00000000c3e80000, 0x00000000eab00000)
  object space 64000K, 5% used [0x00000000c0000000,0x00000000c03939d0,0x00000000c3e80000)
 Metaspace       used 6149K, capacity 7216K, committed 7424K, reserved 1056768K
  class space    used 667K, capacity 680K, committed 768K, reserved 1048576K
}
Event: 2.244 GC heap before
{Heap before GC invocations=12 (full 0):
 PSYoungGen      total 8192K, used 8026K [0x00000000eab00000, 0x00000000eba00000, 0x0000000100000000)
  eden space 6144K, 100% used [0x00000000eab00000,0x00000000eb100000,0x00000000eb100000)
  from space 2048K, 91% used [0x00000000eb100000,0x00000000eb2d6bb8,0x00000000eb300000)
  to   space 2560K, 0% used [0x00000000eb780000,0x00000000eb780000,0x00000000eba00000)
 ParOldGen       total 64000K, used 3662K [0x00000000c0000000, 0x00000000c3e80000, 0x00000000eab00000)
  object space 64000K, 5% used [0x00000000c0000000,0x00000000c03939d0,0x00000000c3e80000)
 Metaspace       used 6430K, capacity 7320K, committed 7424K, reserved 1056768K
  class space    used 693K, capacity 720K, committed 768K, reserved 1048576K
Event: 2.254 GC heap after
Heap after GC invocations=12 (full 0):
 PSYoungGen      total 12800K, used 2078K [0x00000000eab00000, 0x00000000eba00000, 0x0000000100000000)
  eden space 10240K, 0% used [0x00000000eab00000,0x00000000eab00000,0x00000000eb500000)
  from space 2560K, 81% used [0x00000000eb780000,0x00000000eb987b98,0x00000000eba00000)
  to   space 2560K, 0% used [0x00000000eb500000,0x00000000eb500000,0x00000000eb780000)
 ParOldGen       total 64000K, used 6849K [0x00000000c0000000, 0x00000000c3e80000, 0x00000000eab00000)
  object space 64000K, 10% used [0x00000000c0000000,0x00000000c06b0758,0x00000000c3e80000)
 Metaspace       used 6430K, capacity 7320K, committed 7424K, reserved 1056768K
  class space    used 693K, capacity 720K, committed 768K, reserved 1048576K
}
Event: 2.493 GC heap before
{Heap before GC invocations=13 (full 0):
 PSYoungGen      total 12800K, used 11764K [0x00000000eab00000, 0x00000000eba00000, 0x0000000100000000)
  eden space 10240K, 94% used [0x00000000eab00000,0x00000000eb475608,0x00000000eb500000)
  from space 2560K, 81% used [0x00000000eb780000,0x00000000eb987b98,0x00000000eba00000)
  to   space 2560K, 0% used [0x00000000eb500000,0x00000000eb500000,0x00000000eb780000)
 ParOldGen       total 64000K, used 6849K [0x00000000c0000000, 0x00000000c3e80000, 0x00000000eab00000)
  object space 64000K, 10% used [0x00000000c0000000,0x00000000c06b0758,0x00000000c3e80000)
 Metaspace       used 6462K, capacity 7384K, committed 7680K, reserved 1056768K
  class space    used 693K, capacity 720K, committed 768K, reserved 1048576K
Event: 2.499 GC heap after
Heap after GC invocations=13 (full 0):
 PSYoungGen      total 12800K, used 1050K [0x00000000eab00000, 0x00000000ec000000, 0x0000000100000000)
  eden space 10240K, 0% used [0x00000000eab00000,0x00000000eab00000,0x00000000eb500000)
  from space 2560K, 41% used [0x00000000eb500000,0x00000000eb6069c8,0x00000000eb780000)
  to   space 2560K, 0% used [0x00000000ebd80000,0x00000000ebd80000,0x00000000ec000000)
 ParOldGen       total 64000K, used 7641K [0x00000000c0000000, 0x00000000c3e80000, 0x00000000eab00000)
  object space 64000K, 11% used [0x00000000c0000000,0x00000000c07767a0,0x00000000c3e80000)
 Metaspace       used 6462K, capacity 7384K, committed 7680K, reserved 1056768K
  class space    used 693K, capacity 720K, committed 768K, reserved 1048576K
}
Event: 2.681 GC heap before
{Heap before GC invocations=14 (full 0):
 PSYoungGen      total 12800K, used 11290K [0x00000000eab00000, 0x00000000ec000000, 0x0000000100000000)
  eden space 10240K, 100% used [0x00000000eab00000,0x00000000eb500000,0x00000000eb500000)
  from space 2560K, 41% used [0x00000000eb500000,0x00000000eb6069c8,0x00000000eb780000)
  to   space 2560K, 0% used [0x00000000ebd80000,0x00000000ebd80000,0x00000000ec000000)
 ParOldGen       total 64000K, used 7641K [0x00000000c0000000, 0x00000000c3e80000, 0x00000000eab00000)
  object space 64000K, 11% used [0x00000000c0000000,0x00000000c07767a0,0x00000000c3e80000)
 Metaspace       used 6477K, capacity 7384K, committed 7680K, reserved 1056768K
  class space    used 694K, capacity 720K, committed 768K, reserved 1048576K
Event: 2.688 GC heap after
Heap after GC invocations=14 (full 0):
 PSYoungGen      total 17408K, used 2543K [0x00000000eab00000, 0x00000000ec300000, 0x0000000100000000)
  eden space 14848K, 0% used [0x00000000eab00000,0x00000000eab00000,0x00000000eb980000)
  from space 2560K, 99% used [0x00000000ebd80000,0x00000000ebffbcf0,0x00000000ec000000)
  to   space 4096K, 0% used [0x00000000eb980000,0x00000000eb980000,0x00000000ebd80000)
 ParOldGen       total 64000K, used 11211K [0x00000000c0000000, 0x00000000c3e80000, 0x00000000eab00000)
  object space 64000K, 17% used [0x00000000c0000000,0x00000000c0af2fe8,0x00000000c3e80000)
 Metaspace       used 6477K, capacity 7384K, committed 7680K, reserved 1056768K
  class space    used 694K, capacity 720K, committed 768K, reserved 1048576K
}

